<?xml version="1.0" encoding="UTF-8"?>
<!-- Generated by org.testng.reporters.JUnitXMLReporter -->
<testsuite ignored="3" hostname="DESKTOP-KUO4ES1" failures="0" tests="1" name="Default test" time="0.044" errors="0" timestamp="2022-04-20T15:48:17 EDT">
  <testcase classname="ConvertibleCarTests" name="canLowerTop" time="0.007"/>
  <testcase classname="ConvertibleCarTests" name="canStartConvertibleCar" time="0.0">
    <ignored/>
  </testcase> <!-- canStartConvertibleCar -->
  <testcase classname="ConvertibleCarTests" name="canBuildConvertibleCar" time="0.0">
    <ignored/>
  </testcase> <!-- canBuildConvertibleCar -->
  <testcase classname="ConvertibleCarTests" name="canRaiseTop" time="0.0">
    <ignored/>
  </testcase> <!-- canRaiseTop -->
</testsuite> <!-- Default test -->
